Arguments: 
  /Users/chao/.nvm/versions/node/v8.11.4/bin/node /usr/local/bin/yarn dev

PATH: 
  /Users/chao/.nvm/versions/node/v8.11.4/bin:/Library/Frameworks/Python.framework/Versions/3.7/bin:/Users/chao/anaconda3/bin:/usr/local/bin:/usr/bin:/bin:/usr/sbin:/sbin:/Library/Frameworks/Python.framework/Versions/3.7/bin:/Users/chao/anaconda3/bin

Yarn version: 
  1.5.1

Node version: 
  8.11.4

Platform: 
  darwin x64

npm manifest: 
  {
    "main": "node_modules/expo/AppEntry.js",
    "private": true,
    "scripts": {
      "test": "node ./node_modules/jest/bin/jest.js --watchAll",
      "lint": "tslint src/**/*.ts",
      "tsc": "tsc",
      "clean": "rimraf build",
      "build": "yarn run clean && yarn run tsc --",
      "watch": "yarn run build -- -w",
      "watchAndRunAndroid": "concurrently \"yarn run watch\" \"yarn run android\"",
      "buildRunAndroid": "yarn run build && yarn run watchAndRunAndroid ",
      "watchAndRunIOS": "concurrently \"yarn run watch\" \"yarn run ios\"",
      "buildRunIOS": "yarn run build && yarn run watchAndRunIOS ",
      "watchAndStart": "concurrently \"yarn run watch\" \"yarn run start\"",
      "buildAndStart": "yarn run build && yarn run watchAndStart ",
      "dev": "yarn run build && exp start "
    },
    "jest": {
      "preset": "jest-expo"
    },
    "dependencies": {
      "@expo/samples": "2.1.1",
      "@expo/videoplayer": "^0.4.0",
      "@types/react-navigation": "^2.0.12",
      "babel-plugin-transform-decorators-legacy": "^1.3.5",
      "es6-symbol": "^3.1.1",
      "expo": "^28.0.0",
      "expo-mixpanel-analytics": "0.0.7",
      "lodash": "^4.17.11",
      "mobx": "4.0.2",
      "mobx-react": "^5.2.3",
      "moment": "^2.22.2",
      "mongodb-stitch-react-native-sdk": "^4.0.12",
      "react": "16.3.1",
      "react-native": "https://github.com/expo/react-native/archive/sdk-28.0.0.tar.gz",
      "react-native-auto-height-image": "^1.0.1",
      "react-native-easy-toast": "^1.1.0",
      "react-native-indicators": "^0.13.0",
      "react-native-material-ripple": "^0.8.0",
      "react-native-modal-dropdown": "^0.6.2",
      "react-native-swiper": "^1.5.13",
      "react-native-video": "^3.2.1",
      "react-navigation": "2.3.1",
      "react-navigation-transitions": "^1.0.5",
      "whatwg-fetch": "^2.0.4"
    },
    "devDependencies": {
      "@types/react": "^16.4.7",
      "@types/react-dom": "^16.0.6",
      "@types/react-native": "^0.56.4",
      "concurrently": "^3.6.1",
      "jest-expo": "^28.0.0",
      "rimraf": "^2.6.2",
      "tslint": "^5.11.0",
      "typescript": "^2.9.2"
    }
  }

yarn manifest: 
  No manifest

Lockfile: 
  No lockfile

Trace: 
  Error: Command failed.
  Exit code: 1
  Command: sh
  Arguments: -c yarn run build && exp start 
  Directory: /Volumes/Work/UpworkProject/mused-mobile.git
  Output:
  
      at ProcessTermError.MessageError (/usr/local/lib/node_modules/yarn/lib/cli.js:186:110)
      at new ProcessTermError (/usr/local/lib/node_modules/yarn/lib/cli.js:226:113)
      at ChildProcess.<anonymous> (/usr/local/lib/node_modules/yarn/lib/cli.js:30281:17)
      at emitTwo (events.js:126:13)
      at ChildProcess.emit (events.js:214:7)
      at maybeClose (internal/child_process.js:925:16)
      at Process.ChildProcess._handle.onexit (internal/child_process.js:209:5)
